---------- Date: 2018-12-26 01:05:01 ~ IP : 148.64.56.71 ----------
REQUEST URI : /real-pearl-flower-danglers-on-a-hoop-in-925-sterling-silver
MOD DETAILS:
   modFile   : /var/www/html/ornatenew/vqmod/xml/custom_alts.xml
   id        : Custom alts
   version   : 1.0.0
   vqmver    : 2.1.5
   author    : ovife21

File Name    : catalog/view/theme/*/template/product/product.tpl(0)
VQModObject::applyMod - SEARCH NOT FOUND (ABORTING MOD): alt="<?php echo $heading_title; ?>"
MOD DETAILS:
   modFile   : /var/www/html/ornatenew/vqmod/xml/custom_imgtitles.xml
   id        : Custom Image Title Tags
   version   : 1.0.0
   vqmver    : 2.1.5
   author    : ovife21

File Name    : catalog/view/theme/*/template/product/product.tpl(0)
VQModObject::applyMod - SEARCH NOT FOUND (ABORTING MOD): title="<?php echo $heading_title; ?>"
----------------------------------------------------------------------


---------- Date: 2018-12-26 09:37:01 ~ IP : 182.48.243.161 ----------
REQUEST URI : /925-silver-created-swiss-blue-topaz-hoop-danglers.html
MOD DETAILS:
   modFile   : /var/www/html/ornatenew/vqmod/xml/custom_alts.xml
   id        : Custom alts
   version   : 1.0.0
   vqmver    : 2.1.5
   author    : ovife21

File Name    : catalog/view/theme/*/template/product/product.tpl(0)
VQModObject::applyMod - SEARCH NOT FOUND (ABORTING MOD): alt="<?php echo $heading_title; ?>"
MOD DETAILS:
   modFile   : /var/www/html/ornatenew/vqmod/xml/custom_imgtitles.xml
   id        : Custom Image Title Tags
   version   : 1.0.0
   vqmver    : 2.1.5
   author    : ovife21

File Name    : catalog/view/theme/*/template/product/product.tpl(0)
VQModObject::applyMod - SEARCH NOT FOUND (ABORTING MOD): title="<?php echo $heading_title; ?>"
----------------------------------------------------------------------


---------- Date: 2018-12-26 09:37:53 ~ IP : 207.46.13.150 ----------
REQUEST URI : /bracelets/tennis-bracelet/simulated-amethyst-tennis-bracelet-in-925-silver.html
MOD DETAILS:
   modFile   : /var/www/html/ornatenew/vqmod/xml/custom_alts.xml
   id        : Custom alts
   version   : 1.0.0
   vqmver    : 2.1.5
   author    : ovife21

File Name    : catalog/view/theme/*/template/product/product.tpl(0)
VQModObject::applyMod - SEARCH NOT FOUND (ABORTING MOD): alt="<?php echo $heading_title; ?>"
MOD DETAILS:
   modFile   : /var/www/html/ornatenew/vqmod/xml/custom_imgtitles.xml
   id        : Custom Image Title Tags
   version   : 1.0.0
   vqmver    : 2.1.5
   author    : ovife21

File Name    : catalog/view/theme/*/template/product/product.tpl(0)
VQModObject::applyMod - SEARCH NOT FOUND (ABORTING MOD): title="<?php echo $heading_title; ?>"
----------------------------------------------------------------------


---------- Date: 2018-12-26 09:38:14 ~ IP : 66.249.75.19 ----------
REQUEST URI : /yes-no-studs-in-925-sterling-silver.html
MOD DETAILS:
   modFile   : /var/www/html/ornatenew/vqmod/xml/custom_alts.xml
   id        : Custom alts
   version   : 1.0.0
   vqmver    : 2.1.5
   author    : ovife21

File Name    : catalog/view/theme/*/template/product/product.tpl(0)
VQModObject::applyMod - SEARCH NOT FOUND (ABORTING MOD): alt="<?php echo $heading_title; ?>"
MOD DETAILS:
   modFile   : /var/www/html/ornatenew/vqmod/xml/custom_imgtitles.xml
   id        : Custom Image Title Tags
   version   : 1.0.0
   vqmver    : 2.1.5
   author    : ovife21

File Name    : catalog/view/theme/*/template/product/product.tpl(0)
VQModObject::applyMod - SEARCH NOT FOUND (ABORTING MOD): title="<?php echo $heading_title; ?>"
----------------------------------------------------------------------


---------- Date: 2018-12-26 11:59:09 ~ IP : 40.77.167.62 ----------
REQUEST URI : /collections/dancing-american-diamond/sim-stone-in-motion-pear-shape-pendant-in-925-silver.html
MOD DETAILS:
   modFile   : /var/www/html/ornatenew/vqmod/xml/custom_alts.xml
   id        : Custom alts
   version   : 1.0.0
   vqmver    : 2.1.5
   author    : ovife21

File Name    : catalog/view/theme/*/template/product/product.tpl(0)
VQModObject::applyMod - SEARCH NOT FOUND (ABORTING MOD): alt="<?php echo $heading_title; ?>"
MOD DETAILS:
   modFile   : /var/www/html/ornatenew/vqmod/xml/custom_imgtitles.xml
   id        : Custom Image Title Tags
   version   : 1.0.0
   vqmver    : 2.1.5
   author    : ovife21

File Name    : catalog/view/theme/*/template/product/product.tpl(0)
VQModObject::applyMod - SEARCH NOT FOUND (ABORTING MOD): title="<?php echo $heading_title; ?>"
----------------------------------------------------------------------


---------- Date: 2018-12-26 12:00:48 ~ IP : 46.229.168.145 ----------
REQUEST URI : /womens-day-special/925-silver-created-ruby-flower-leverback-earrings.html
MOD DETAILS:
   modFile   : /var/www/html/ornatenew/vqmod/xml/custom_alts.xml
   id        : Custom alts
   version   : 1.0.0
   vqmver    : 2.1.5
   author    : ovife21

File Name    : catalog/view/theme/*/template/product/product.tpl(0)
VQModObject::applyMod - SEARCH NOT FOUND (ABORTING MOD): alt="<?php echo $heading_title; ?>"
MOD DETAILS:
   modFile   : /var/www/html/ornatenew/vqmod/xml/custom_imgtitles.xml
   id        : Custom Image Title Tags
   version   : 1.0.0
   vqmver    : 2.1.5
   author    : ovife21

File Name    : catalog/view/theme/*/template/product/product.tpl(0)
VQModObject::applyMod - SEARCH NOT FOUND (ABORTING MOD): title="<?php echo $heading_title; ?>"
----------------------------------------------------------------------


---------- Date: 2018-12-26 12:24:41 ~ IP : 216.244.66.202 ----------
REQUEST URI : /geometric-design-silver-dangler-earrings-in-925-sterling-silver.html
MOD DETAILS:
   modFile   : /var/www/html/ornatenew/vqmod/xml/custom_alts.xml
   id        : Custom alts
   version   : 1.0.0
   vqmver    : 2.1.5
   author    : ovife21

File Name    : catalog/view/theme/*/template/product/product.tpl(0)
VQModObject::applyMod - SEARCH NOT FOUND (ABORTING MOD): alt="<?php echo $heading_title; ?>"
MOD DETAILS:
   modFile   : /var/www/html/ornatenew/vqmod/xml/custom_imgtitles.xml
   id        : Custom Image Title Tags
   version   : 1.0.0
   vqmver    : 2.1.5
   author    : ovife21

File Name    : catalog/view/theme/*/template/product/product.tpl(0)
VQModObject::applyMod - SEARCH NOT FOUND (ABORTING MOD): title="<?php echo $heading_title; ?>"
----------------------------------------------------------------------


---------- Date: 2018-12-26 17:35:58 ~ IP : 182.48.243.161 ----------
REQUEST URI : /admin/index.php?route=setting/setting&token=ujGHRafWPA4HPbFUoecJQp6CG0umFlEb
MOD DETAILS:
   modFile   : /var/www/html/ornatenew/vqmod/xml/simple_blog.ocmod.xml
   id        : 
   version   : 1.0
   vqmver    : 
   author    : Opcrat

File Name    : admin/controller/setting/setting.php(0)
VQModObject::applyMod - SEARCH NOT FOUND (ABORTING MOD): //   if (isset($this->request->post['config_logo'])) {
----------------------------------------------------------------------


