---------- Date: 2018-12-27 09:44:46 ~ IP : 157.55.39.181 ----------
REQUEST URI : /rings/american-diamond-royal-american-diamond-925-silver-ring.html
MOD DETAILS:
   modFile   : /var/www/html/ornatenew/vqmod/xml/custom_alts.xml
   id        : Custom alts
   version   : 1.0.0
   vqmver    : 2.1.5
   author    : ovife21

File Name    : catalog/view/theme/*/template/product/product.tpl(0)
VQModObject::applyMod - SEARCH NOT FOUND (ABORTING MOD): alt="<?php echo $heading_title; ?>"
MOD DETAILS:
   modFile   : /var/www/html/ornatenew/vqmod/xml/custom_imgtitles.xml
   id        : Custom Image Title Tags
   version   : 1.0.0
   vqmver    : 2.1.5
   author    : ovife21

File Name    : catalog/view/theme/*/template/product/product.tpl(0)
VQModObject::applyMod - SEARCH NOT FOUND (ABORTING MOD): title="<?php echo $heading_title; ?>"
----------------------------------------------------------------------


---------- Date: 2018-12-27 09:47:21 ~ IP : 182.48.243.161 ----------
REQUEST URI : /o-initial-necklace-with-american-diamonds.html
MOD DETAILS:
   modFile   : /var/www/html/ornatenew/vqmod/xml/custom_alts.xml
   id        : Custom alts
   version   : 1.0.0
   vqmver    : 2.1.5
   author    : ovife21

File Name    : catalog/view/theme/*/template/product/product.tpl(0)
VQModObject::applyMod - SEARCH NOT FOUND (ABORTING MOD): alt="<?php echo $heading_title; ?>"
MOD DETAILS:
   modFile   : /var/www/html/ornatenew/vqmod/xml/custom_imgtitles.xml
   id        : Custom Image Title Tags
   version   : 1.0.0
   vqmver    : 2.1.5
   author    : ovife21

File Name    : catalog/view/theme/*/template/product/product.tpl(0)
VQModObject::applyMod - SEARCH NOT FOUND (ABORTING MOD): title="<?php echo $heading_title; ?>"
----------------------------------------------------------------------


---------- Date: 2018-12-27 09:48:16 ~ IP : 157.55.39.229 ----------
REQUEST URI : /halo-rings/18k-yellow-gold-plated-created-emerald-ring-with-simulated-diamonds.html
MOD DETAILS:
   modFile   : /var/www/html/ornatenew/vqmod/xml/custom_alts.xml
   id        : Custom alts
   version   : 1.0.0
   vqmver    : 2.1.5
   author    : ovife21

File Name    : catalog/view/theme/*/template/product/product.tpl(0)
VQModObject::applyMod - SEARCH NOT FOUND (ABORTING MOD): alt="<?php echo $heading_title; ?>"
MOD DETAILS:
   modFile   : /var/www/html/ornatenew/vqmod/xml/custom_imgtitles.xml
   id        : Custom Image Title Tags
   version   : 1.0.0
   vqmver    : 2.1.5
   author    : ovife21

File Name    : catalog/view/theme/*/template/product/product.tpl(0)
VQModObject::applyMod - SEARCH NOT FOUND (ABORTING MOD): title="<?php echo $heading_title; ?>"
----------------------------------------------------------------------


---------- Date: 2018-12-27 09:53:19 ~ IP : 46.229.168.141 ----------
REQUEST URI : /collections/colorazzi/created-emerald-swirl-earrings-in-925-silver.html
MOD DETAILS:
   modFile   : /var/www/html/ornatenew/vqmod/xml/custom_alts.xml
   id        : Custom alts
   version   : 1.0.0
   vqmver    : 2.1.5
   author    : ovife21

File Name    : catalog/view/theme/*/template/product/product.tpl(0)
VQModObject::applyMod - SEARCH NOT FOUND (ABORTING MOD): alt="<?php echo $heading_title; ?>"
MOD DETAILS:
   modFile   : /var/www/html/ornatenew/vqmod/xml/custom_imgtitles.xml
   id        : Custom Image Title Tags
   version   : 1.0.0
   vqmver    : 2.1.5
   author    : ovife21

File Name    : catalog/view/theme/*/template/product/product.tpl(0)
VQModObject::applyMod - SEARCH NOT FOUND (ABORTING MOD): title="<?php echo $heading_title; ?>"
----------------------------------------------------------------------


---------- Date: 2018-12-27 09:56:20 ~ IP : 213.239.216.194 ----------
REQUEST URI : /925-silver-cubic-zirconia-double-hearts-pendant.html
MOD DETAILS:
   modFile   : /var/www/html/ornatenew/vqmod/xml/custom_alts.xml
   id        : Custom alts
   version   : 1.0.0
   vqmver    : 2.1.5
   author    : ovife21

File Name    : catalog/view/theme/*/template/product/product.tpl(0)
VQModObject::applyMod - SEARCH NOT FOUND (ABORTING MOD): alt="<?php echo $heading_title; ?>"
MOD DETAILS:
   modFile   : /var/www/html/ornatenew/vqmod/xml/custom_imgtitles.xml
   id        : Custom Image Title Tags
   version   : 1.0.0
   vqmver    : 2.1.5
   author    : ovife21

File Name    : catalog/view/theme/*/template/product/product.tpl(0)
VQModObject::applyMod - SEARCH NOT FOUND (ABORTING MOD): title="<?php echo $heading_title; ?>"
----------------------------------------------------------------------


---------- Date: 2018-12-27 09:57:48 ~ IP : 46.229.168.142 ----------
REQUEST URI : /collections/gift-for-friends/love-heart-ruby-necklace-set-with-earrings.html
MOD DETAILS:
   modFile   : /var/www/html/ornatenew/vqmod/xml/custom_alts.xml
   id        : Custom alts
   version   : 1.0.0
   vqmver    : 2.1.5
   author    : ovife21

File Name    : catalog/view/theme/*/template/product/product.tpl(0)
VQModObject::applyMod - SEARCH NOT FOUND (ABORTING MOD): alt="<?php echo $heading_title; ?>"
MOD DETAILS:
   modFile   : /var/www/html/ornatenew/vqmod/xml/custom_imgtitles.xml
   id        : Custom Image Title Tags
   version   : 1.0.0
   vqmver    : 2.1.5
   author    : ovife21

File Name    : catalog/view/theme/*/template/product/product.tpl(0)
VQModObject::applyMod - SEARCH NOT FOUND (ABORTING MOD): title="<?php echo $heading_title; ?>"
----------------------------------------------------------------------


---------- Date: 2018-12-27 09:59:28 ~ IP : 216.244.66.202 ----------
REQUEST URI : /infinity-stone-in-motion-necklace.html
MOD DETAILS:
   modFile   : /var/www/html/ornatenew/vqmod/xml/custom_alts.xml
   id        : Custom alts
   version   : 1.0.0
   vqmver    : 2.1.5
   author    : ovife21

File Name    : catalog/view/theme/*/template/product/product.tpl(0)
VQModObject::applyMod - SEARCH NOT FOUND (ABORTING MOD): alt="<?php echo $heading_title; ?>"
MOD DETAILS:
   modFile   : /var/www/html/ornatenew/vqmod/xml/custom_imgtitles.xml
   id        : Custom Image Title Tags
   version   : 1.0.0
   vqmver    : 2.1.5
   author    : ovife21

File Name    : catalog/view/theme/*/template/product/product.tpl(0)
VQModObject::applyMod - SEARCH NOT FOUND (ABORTING MOD): title="<?php echo $heading_title; ?>"
----------------------------------------------------------------------


---------- Date: 2018-12-27 11:17:26 ~ IP : 148.64.56.77 ----------
REQUEST URI : /branched-tree-of-life-925-silver-necklace.html
MOD DETAILS:
   modFile   : /var/www/html/ornatenew/vqmod/xml/custom_alts.xml
   id        : Custom alts
   version   : 1.0.0
   vqmver    : 2.1.5
   author    : ovife21

File Name    : catalog/view/theme/*/template/product/product.tpl(0)
VQModObject::applyMod - SEARCH NOT FOUND (ABORTING MOD): alt="<?php echo $heading_title; ?>"
MOD DETAILS:
   modFile   : /var/www/html/ornatenew/vqmod/xml/custom_imgtitles.xml
   id        : Custom Image Title Tags
   version   : 1.0.0
   vqmver    : 2.1.5
   author    : ovife21

File Name    : catalog/view/theme/*/template/product/product.tpl(0)
VQModObject::applyMod - SEARCH NOT FOUND (ABORTING MOD): title="<?php echo $heading_title; ?>"
----------------------------------------------------------------------


---------- Date: 2018-12-27 11:26:03 ~ IP : 202.134.154.201 ----------
REQUEST URI : /rudolph-the-red-nose-reindeer-necklace.html
MOD DETAILS:
   modFile   : /var/www/html/ornatenew/vqmod/xml/custom_alts.xml
   id        : Custom alts
   version   : 1.0.0
   vqmver    : 2.1.5
   author    : ovife21

File Name    : catalog/view/theme/*/template/product/product.tpl(0)
VQModObject::applyMod - SEARCH NOT FOUND (ABORTING MOD): alt="<?php echo $heading_title; ?>"
MOD DETAILS:
   modFile   : /var/www/html/ornatenew/vqmod/xml/custom_imgtitles.xml
   id        : Custom Image Title Tags
   version   : 1.0.0
   vqmver    : 2.1.5
   author    : ovife21

File Name    : catalog/view/theme/*/template/product/product.tpl(0)
VQModObject::applyMod - SEARCH NOT FOUND (ABORTING MOD): title="<?php echo $heading_title; ?>"
----------------------------------------------------------------------


---------- Date: 2018-12-27 11:26:03 ~ IP : 202.134.154.201 ----------
REQUEST URI : /rudolph-the-red-nose-reindeer-necklace.html
MOD DETAILS:
   modFile   : /var/www/html/ornatenew/vqmod/xml/custom_alts.xml
   id        : Custom alts
   version   : 1.0.0
   vqmver    : 2.1.5
   author    : ovife21

File Name    : catalog/view/theme/*/template/product/product.tpl(0)
VQModObject::applyMod - SEARCH NOT FOUND (ABORTING MOD): alt="<?php echo $heading_title; ?>"
MOD DETAILS:
   modFile   : /var/www/html/ornatenew/vqmod/xml/custom_imgtitles.xml
   id        : Custom Image Title Tags
   version   : 1.0.0
   vqmver    : 2.1.5
   author    : ovife21

File Name    : catalog/view/theme/*/template/product/product.tpl(0)
VQModObject::applyMod - SEARCH NOT FOUND (ABORTING MOD): title="<?php echo $heading_title; ?>"
----------------------------------------------------------------------


---------- Date: 2018-12-27 11:31:49 ~ IP : 202.134.154.201 ----------
REQUEST URI : /american-diamond-three-stone-band-ring-in-925-silver.html?search=engagement%20rings
MOD DETAILS:
   modFile   : /var/www/html/ornatenew/vqmod/xml/custom_alts.xml
   id        : Custom alts
   version   : 1.0.0
   vqmver    : 2.1.5
   author    : ovife21

File Name    : catalog/view/theme/*/template/product/product.tpl(0)
VQModObject::applyMod - SEARCH NOT FOUND (ABORTING MOD): alt="<?php echo $heading_title; ?>"
MOD DETAILS:
   modFile   : /var/www/html/ornatenew/vqmod/xml/custom_imgtitles.xml
   id        : Custom Image Title Tags
   version   : 1.0.0
   vqmver    : 2.1.5
   author    : ovife21

File Name    : catalog/view/theme/*/template/product/product.tpl(0)
VQModObject::applyMod - SEARCH NOT FOUND (ABORTING MOD): title="<?php echo $heading_title; ?>"
----------------------------------------------------------------------


---------- Date: 2018-12-27 11:37:31 ~ IP : 202.134.154.201 ----------
REQUEST URI : /created-ruby-heart-danglers-925-silver.html
MOD DETAILS:
   modFile   : /var/www/html/ornatenew/vqmod/xml/custom_alts.xml
   id        : Custom alts
   version   : 1.0.0
   vqmver    : 2.1.5
   author    : ovife21

File Name    : catalog/view/theme/*/template/product/product.tpl(0)
VQModObject::applyMod - SEARCH NOT FOUND (ABORTING MOD): alt="<?php echo $heading_title; ?>"
MOD DETAILS:
   modFile   : /var/www/html/ornatenew/vqmod/xml/custom_imgtitles.xml
   id        : Custom Image Title Tags
   version   : 1.0.0
   vqmver    : 2.1.5
   author    : ovife21

File Name    : catalog/view/theme/*/template/product/product.tpl(0)
VQModObject::applyMod - SEARCH NOT FOUND (ABORTING MOD): title="<?php echo $heading_title; ?>"
----------------------------------------------------------------------


---------- Date: 2018-12-27 11:38:09 ~ IP : 216.244.66.202 ----------
REQUEST URI : /created-swiss-blue-topaz-pendant-925-silver.html
MOD DETAILS:
   modFile   : /var/www/html/ornatenew/vqmod/xml/custom_alts.xml
   id        : Custom alts
   version   : 1.0.0
   vqmver    : 2.1.5
   author    : ovife21

File Name    : catalog/view/theme/*/template/product/product.tpl(0)
VQModObject::applyMod - SEARCH NOT FOUND (ABORTING MOD): alt="<?php echo $heading_title; ?>"
MOD DETAILS:
   modFile   : /var/www/html/ornatenew/vqmod/xml/custom_imgtitles.xml
   id        : Custom Image Title Tags
   version   : 1.0.0
   vqmver    : 2.1.5
   author    : ovife21

File Name    : catalog/view/theme/*/template/product/product.tpl(0)
VQModObject::applyMod - SEARCH NOT FOUND (ABORTING MOD): title="<?php echo $heading_title; ?>"
----------------------------------------------------------------------


---------- Date: 2018-12-27 11:47:50 ~ IP : 8.37.71.90 ----------
REQUEST URI : /pear-shape-white-cubic-zirconia-studs-in-925-silver.html
MOD DETAILS:
   modFile   : /var/www/html/ornatenew/vqmod/xml/custom_alts.xml
   id        : Custom alts
   version   : 1.0.0
   vqmver    : 2.1.5
   author    : ovife21

File Name    : catalog/view/theme/*/template/product/product.tpl(0)
VQModObject::applyMod - SEARCH NOT FOUND (ABORTING MOD): alt="<?php echo $heading_title; ?>"
MOD DETAILS:
   modFile   : /var/www/html/ornatenew/vqmod/xml/custom_imgtitles.xml
   id        : Custom Image Title Tags
   version   : 1.0.0
   vqmver    : 2.1.5
   author    : ovife21

File Name    : catalog/view/theme/*/template/product/product.tpl(0)
VQModObject::applyMod - SEARCH NOT FOUND (ABORTING MOD): title="<?php echo $heading_title; ?>"
----------------------------------------------------------------------


---------- Date: 2018-12-27 12:08:41 ~ IP : 182.48.243.161 ----------
REQUEST URI : /925-silver-created-sapphire-classic-american-diamond-flower-pendant-with-chain.html
MOD DETAILS:
   modFile   : /var/www/html/ornatenew/vqmod/xml/custom_alts.xml
   id        : Custom alts
   version   : 1.0.0
   vqmver    : 2.1.5
   author    : ovife21

File Name    : catalog/view/theme/*/template/product/product.tpl(0)
VQModObject::applyMod - SEARCH NOT FOUND (ABORTING MOD): alt="<?php echo $heading_title; ?>"
MOD DETAILS:
   modFile   : /var/www/html/ornatenew/vqmod/xml/custom_imgtitles.xml
   id        : Custom Image Title Tags
   version   : 1.0.0
   vqmver    : 2.1.5
   author    : ovife21

File Name    : catalog/view/theme/*/template/product/product.tpl(0)
VQModObject::applyMod - SEARCH NOT FOUND (ABORTING MOD): title="<?php echo $heading_title; ?>"
----------------------------------------------------------------------


---------- Date: 2018-12-27 12:10:39 ~ IP : 8.37.70.39 ----------
REQUEST URI : /bestseller-young-girls-0-20-carat-studs-in-925-silver.html
MOD DETAILS:
   modFile   : /var/www/html/ornatenew/vqmod/xml/custom_alts.xml
   id        : Custom alts
   version   : 1.0.0
   vqmver    : 2.1.5
   author    : ovife21

File Name    : catalog/view/theme/*/template/product/product.tpl(0)
VQModObject::applyMod - SEARCH NOT FOUND (ABORTING MOD): alt="<?php echo $heading_title; ?>"
MOD DETAILS:
   modFile   : /var/www/html/ornatenew/vqmod/xml/custom_imgtitles.xml
   id        : Custom Image Title Tags
   version   : 1.0.0
   vqmver    : 2.1.5
   author    : ovife21

File Name    : catalog/view/theme/*/template/product/product.tpl(0)
VQModObject::applyMod - SEARCH NOT FOUND (ABORTING MOD): title="<?php echo $heading_title; ?>"
----------------------------------------------------------------------


---------- Date: 2018-12-27 12:13:13 ~ IP : 148.64.56.76 ----------
REQUEST URI : /flower-basket-0-20carat-studs-in-925-silver.html
MOD DETAILS:
   modFile   : /var/www/html/ornatenew/vqmod/xml/custom_alts.xml
   id        : Custom alts
   version   : 1.0.0
   vqmver    : 2.1.5
   author    : ovife21

File Name    : catalog/view/theme/*/template/product/product.tpl(0)
VQModObject::applyMod - SEARCH NOT FOUND (ABORTING MOD): alt="<?php echo $heading_title; ?>"
MOD DETAILS:
   modFile   : /var/www/html/ornatenew/vqmod/xml/custom_imgtitles.xml
   id        : Custom Image Title Tags
   version   : 1.0.0
   vqmver    : 2.1.5
   author    : ovife21

File Name    : catalog/view/theme/*/template/product/product.tpl(0)
VQModObject::applyMod - SEARCH NOT FOUND (ABORTING MOD): title="<?php echo $heading_title; ?>"
----------------------------------------------------------------------


---------- Date: 2018-12-27 12:22:17 ~ IP : 46.229.168.151 ----------
REQUEST URI : /ornate-jewels-en-gb/fishy-fish-925-silver-earrings.html
MOD DETAILS:
   modFile   : /var/www/html/ornatenew/vqmod/xml/custom_alts.xml
   id        : Custom alts
   version   : 1.0.0
   vqmver    : 2.1.5
   author    : ovife21

File Name    : catalog/view/theme/*/template/product/product.tpl(0)
VQModObject::applyMod - SEARCH NOT FOUND (ABORTING MOD): alt="<?php echo $heading_title; ?>"
MOD DETAILS:
   modFile   : /var/www/html/ornatenew/vqmod/xml/custom_imgtitles.xml
   id        : Custom Image Title Tags
   version   : 1.0.0
   vqmver    : 2.1.5
   author    : ovife21

File Name    : catalog/view/theme/*/template/product/product.tpl(0)
VQModObject::applyMod - SEARCH NOT FOUND (ABORTING MOD): title="<?php echo $heading_title; ?>"
----------------------------------------------------------------------


---------- Date: 2018-12-27 12:38:28 ~ IP : 46.229.168.129 ----------
REQUEST URI : /dancing-american-diamond/sim-stone-in-motion-teardrop-pendant-in-925-silver.html
MOD DETAILS:
   modFile   : /var/www/html/ornatenew/vqmod/xml/custom_alts.xml
   id        : Custom alts
   version   : 1.0.0
   vqmver    : 2.1.5
   author    : ovife21

File Name    : catalog/view/theme/*/template/product/product.tpl(0)
VQModObject::applyMod - SEARCH NOT FOUND (ABORTING MOD): alt="<?php echo $heading_title; ?>"
MOD DETAILS:
   modFile   : /var/www/html/ornatenew/vqmod/xml/custom_imgtitles.xml
   id        : Custom Image Title Tags
   version   : 1.0.0
   vqmver    : 2.1.5
   author    : ovife21

File Name    : catalog/view/theme/*/template/product/product.tpl(0)
VQModObject::applyMod - SEARCH NOT FOUND (ABORTING MOD): title="<?php echo $heading_title; ?>"
----------------------------------------------------------------------


---------- Date: 2018-12-27 12:42:26 ~ IP : 46.229.168.150 ----------
REQUEST URI : /collections/new-arrival/dragonfly-studded-pendant-in-925-silver.html
MOD DETAILS:
   modFile   : /var/www/html/ornatenew/vqmod/xml/custom_alts.xml
   id        : Custom alts
   version   : 1.0.0
   vqmver    : 2.1.5
   author    : ovife21

File Name    : catalog/view/theme/*/template/product/product.tpl(0)
VQModObject::applyMod - SEARCH NOT FOUND (ABORTING MOD): alt="<?php echo $heading_title; ?>"
MOD DETAILS:
   modFile   : /var/www/html/ornatenew/vqmod/xml/custom_imgtitles.xml
   id        : Custom Image Title Tags
   version   : 1.0.0
   vqmver    : 2.1.5
   author    : ovife21

File Name    : catalog/view/theme/*/template/product/product.tpl(0)
VQModObject::applyMod - SEARCH NOT FOUND (ABORTING MOD): title="<?php echo $heading_title; ?>"
----------------------------------------------------------------------


---------- Date: 2018-12-27 12:51:58 ~ IP : 46.229.168.136 ----------
REQUEST URI : /necklaces/pearl-necklaces/ornatejewels-7-8mm-real-pearl-sterling-silver-22-inches-necklace
MOD DETAILS:
   modFile   : /var/www/html/ornatenew/vqmod/xml/custom_alts.xml
   id        : Custom alts
   version   : 1.0.0
   vqmver    : 2.1.5
   author    : ovife21

File Name    : catalog/view/theme/*/template/product/product.tpl(0)
VQModObject::applyMod - SEARCH NOT FOUND (ABORTING MOD): alt="<?php echo $heading_title; ?>"
MOD DETAILS:
   modFile   : /var/www/html/ornatenew/vqmod/xml/custom_imgtitles.xml
   id        : Custom Image Title Tags
   version   : 1.0.0
   vqmver    : 2.1.5
   author    : ovife21

File Name    : catalog/view/theme/*/template/product/product.tpl(0)
VQModObject::applyMod - SEARCH NOT FOUND (ABORTING MOD): title="<?php echo $heading_title; ?>"
----------------------------------------------------------------------


---------- Date: 2018-12-27 12:56:03 ~ IP : 182.48.243.161 ----------
REQUEST URI : /925-silver-cubic-zirconia-heart-n-heart-pendant.html
MOD DETAILS:
   modFile   : /var/www/html/ornatenew/vqmod/xml/custom_alts.xml
   id        : Custom alts
   version   : 1.0.0
   vqmver    : 2.1.5
   author    : ovife21

File Name    : catalog/view/theme/*/template/product/product.tpl(0)
VQModObject::applyMod - SEARCH NOT FOUND (ABORTING MOD): alt="<?php echo $heading_title; ?>"
MOD DETAILS:
   modFile   : /var/www/html/ornatenew/vqmod/xml/custom_imgtitles.xml
   id        : Custom Image Title Tags
   version   : 1.0.0
   vqmver    : 2.1.5
   author    : ovife21

File Name    : catalog/view/theme/*/template/product/product.tpl(0)
VQModObject::applyMod - SEARCH NOT FOUND (ABORTING MOD): title="<?php echo $heading_title; ?>"
----------------------------------------------------------------------


---------- Date: 2018-12-27 12:57:32 ~ IP : 46.229.168.154 ----------
REQUEST URI : /sterling-silver-heart-necklace-with-chain-in-925-silver.html
MOD DETAILS:
   modFile   : /var/www/html/ornatenew/vqmod/xml/custom_alts.xml
   id        : Custom alts
   version   : 1.0.0
   vqmver    : 2.1.5
   author    : ovife21

File Name    : catalog/view/theme/*/template/product/product.tpl(0)
VQModObject::applyMod - SEARCH NOT FOUND (ABORTING MOD): alt="<?php echo $heading_title; ?>"
MOD DETAILS:
   modFile   : /var/www/html/ornatenew/vqmod/xml/custom_imgtitles.xml
   id        : Custom Image Title Tags
   version   : 1.0.0
   vqmver    : 2.1.5
   author    : ovife21

File Name    : catalog/view/theme/*/template/product/product.tpl(0)
VQModObject::applyMod - SEARCH NOT FOUND (ABORTING MOD): title="<?php echo $heading_title; ?>"
----------------------------------------------------------------------


---------- Date: 2018-12-27 13:00:36 ~ IP : 46.229.168.150 ----------
REQUEST URI : /collections/35-off-collection/created-pink-diamond-pendant-925-silver.html
MOD DETAILS:
   modFile   : /var/www/html/ornatenew/vqmod/xml/custom_alts.xml
   id        : Custom alts
   version   : 1.0.0
   vqmver    : 2.1.5
   author    : ovife21

File Name    : catalog/view/theme/*/template/product/product.tpl(0)
VQModObject::applyMod - SEARCH NOT FOUND (ABORTING MOD): alt="<?php echo $heading_title; ?>"
MOD DETAILS:
   modFile   : /var/www/html/ornatenew/vqmod/xml/custom_imgtitles.xml
   id        : Custom Image Title Tags
   version   : 1.0.0
   vqmver    : 2.1.5
   author    : ovife21

File Name    : catalog/view/theme/*/template/product/product.tpl(0)
VQModObject::applyMod - SEARCH NOT FOUND (ABORTING MOD): title="<?php echo $heading_title; ?>"
----------------------------------------------------------------------


---------- Date: 2018-12-27 13:01:47 ~ IP : 182.48.243.161 ----------
REQUEST URI : /hues-simulated-garnet-925-silver-earrings.html
MOD DETAILS:
   modFile   : /var/www/html/ornatenew/vqmod/xml/custom_alts.xml
   id        : Custom alts
   version   : 1.0.0
   vqmver    : 2.1.5
   author    : ovife21

File Name    : catalog/view/theme/*/template/product/product.tpl(0)
VQModObject::applyMod - SEARCH NOT FOUND (ABORTING MOD): alt="<?php echo $heading_title; ?>"
MOD DETAILS:
   modFile   : /var/www/html/ornatenew/vqmod/xml/custom_imgtitles.xml
   id        : Custom Image Title Tags
   version   : 1.0.0
   vqmver    : 2.1.5
   author    : ovife21

File Name    : catalog/view/theme/*/template/product/product.tpl(0)
VQModObject::applyMod - SEARCH NOT FOUND (ABORTING MOD): title="<?php echo $heading_title; ?>"
----------------------------------------------------------------------


---------- Date: 2018-12-27 13:03:24 ~ IP : 8.37.70.129 ----------
REQUEST URI : /ornate-jewels-pearls-75mm-real-pearl-925-silver-stud-earrings
MOD DETAILS:
   modFile   : /var/www/html/ornatenew/vqmod/xml/custom_alts.xml
   id        : Custom alts
   version   : 1.0.0
   vqmver    : 2.1.5
   author    : ovife21

File Name    : catalog/view/theme/*/template/product/product.tpl(0)
VQModObject::applyMod - SEARCH NOT FOUND (ABORTING MOD): alt="<?php echo $heading_title; ?>"
MOD DETAILS:
   modFile   : /var/www/html/ornatenew/vqmod/xml/custom_imgtitles.xml
   id        : Custom Image Title Tags
   version   : 1.0.0
   vqmver    : 2.1.5
   author    : ovife21

File Name    : catalog/view/theme/*/template/product/product.tpl(0)
VQModObject::applyMod - SEARCH NOT FOUND (ABORTING MOD): title="<?php echo $heading_title; ?>"
----------------------------------------------------------------------


---------- Date: 2018-12-27 13:05:48 ~ IP : 66.249.84.34 ----------
REQUEST URI : /elegante-emerald-ring-In-925-silver.html
MOD DETAILS:
   modFile   : /var/www/html/ornatenew/vqmod/xml/custom_alts.xml
   id        : Custom alts
   version   : 1.0.0
   vqmver    : 2.1.5
   author    : ovife21

File Name    : catalog/view/theme/*/template/product/product.tpl(0)
VQModObject::applyMod - SEARCH NOT FOUND (ABORTING MOD): alt="<?php echo $heading_title; ?>"
MOD DETAILS:
   modFile   : /var/www/html/ornatenew/vqmod/xml/custom_imgtitles.xml
   id        : Custom Image Title Tags
   version   : 1.0.0
   vqmver    : 2.1.5
   author    : ovife21

File Name    : catalog/view/theme/*/template/product/product.tpl(0)
VQModObject::applyMod - SEARCH NOT FOUND (ABORTING MOD): title="<?php echo $heading_title; ?>"
----------------------------------------------------------------------


---------- Date: 2018-12-27 13:30:46 ~ IP : 46.229.168.148 ----------
REQUEST URI : /collections/princess-simulated-sapphire-ring-in-925-silver.html
MOD DETAILS:
   modFile   : /var/www/html/ornatenew/vqmod/xml/custom_alts.xml
   id        : Custom alts
   version   : 1.0.0
   vqmver    : 2.1.5
   author    : ovife21

File Name    : catalog/view/theme/*/template/product/product.tpl(0)
VQModObject::applyMod - SEARCH NOT FOUND (ABORTING MOD): alt="<?php echo $heading_title; ?>"
MOD DETAILS:
   modFile   : /var/www/html/ornatenew/vqmod/xml/custom_imgtitles.xml
   id        : Custom Image Title Tags
   version   : 1.0.0
   vqmver    : 2.1.5
   author    : ovife21

File Name    : catalog/view/theme/*/template/product/product.tpl(0)
VQModObject::applyMod - SEARCH NOT FOUND (ABORTING MOD): title="<?php echo $heading_title; ?>"
----------------------------------------------------------------------


---------- Date: 2018-12-27 14:44:30 ~ IP : 46.229.168.144 ----------
REQUEST URI : /earrings/colored-gemstone-earrings/created-sapphire-heart-danglers-925-silver.html
MOD DETAILS:
   modFile   : /var/www/html/ornatenew/vqmod/xml/custom_alts.xml
   id        : Custom alts
   version   : 1.0.0
   vqmver    : 2.1.5
   author    : ovife21

File Name    : catalog/view/theme/*/template/product/product.tpl(0)
VQModObject::applyMod - SEARCH NOT FOUND (ABORTING MOD): alt="<?php echo $heading_title; ?>"
MOD DETAILS:
   modFile   : /var/www/html/ornatenew/vqmod/xml/custom_imgtitles.xml
   id        : Custom Image Title Tags
   version   : 1.0.0
   vqmver    : 2.1.5
   author    : ovife21

File Name    : catalog/view/theme/*/template/product/product.tpl(0)
VQModObject::applyMod - SEARCH NOT FOUND (ABORTING MOD): title="<?php echo $heading_title; ?>"
----------------------------------------------------------------------


---------- Date: 2018-12-27 14:46:24 ~ IP : 182.48.243.161 ----------
REQUEST URI : /five-stone-climber-earrings-in-925-silver.html
MOD DETAILS:
   modFile   : /var/www/html/ornatenew/vqmod/xml/custom_alts.xml
   id        : Custom alts
   version   : 1.0.0
   vqmver    : 2.1.5
   author    : ovife21

File Name    : catalog/view/theme/*/template/product/product.tpl(0)
VQModObject::applyMod - SEARCH NOT FOUND (ABORTING MOD): alt="<?php echo $heading_title; ?>"
MOD DETAILS:
   modFile   : /var/www/html/ornatenew/vqmod/xml/custom_imgtitles.xml
   id        : Custom Image Title Tags
   version   : 1.0.0
   vqmver    : 2.1.5
   author    : ovife21

File Name    : catalog/view/theme/*/template/product/product.tpl(0)
VQModObject::applyMod - SEARCH NOT FOUND (ABORTING MOD): title="<?php echo $heading_title; ?>"
----------------------------------------------------------------------


---------- Date: 2018-12-27 14:48:42 ~ IP : 46.229.168.130 ----------
REQUEST URI : /ornate-jewels-en-gb/double-prong-half-hoops.html
MOD DETAILS:
   modFile   : /var/www/html/ornatenew/vqmod/xml/custom_alts.xml
   id        : Custom alts
   version   : 1.0.0
   vqmver    : 2.1.5
   author    : ovife21

File Name    : catalog/view/theme/*/template/product/product.tpl(0)
VQModObject::applyMod - SEARCH NOT FOUND (ABORTING MOD): alt="<?php echo $heading_title; ?>"
MOD DETAILS:
   modFile   : /var/www/html/ornatenew/vqmod/xml/custom_imgtitles.xml
   id        : Custom Image Title Tags
   version   : 1.0.0
   vqmver    : 2.1.5
   author    : ovife21

File Name    : catalog/view/theme/*/template/product/product.tpl(0)
VQModObject::applyMod - SEARCH NOT FOUND (ABORTING MOD): title="<?php echo $heading_title; ?>"
----------------------------------------------------------------------


---------- Date: 2018-12-27 14:51:38 ~ IP : 46.229.168.136 ----------
REQUEST URI : /collections/all-under-2000/925-silver-created-sapphire-past-present-ring.html
MOD DETAILS:
   modFile   : /var/www/html/ornatenew/vqmod/xml/custom_alts.xml
   id        : Custom alts
   version   : 1.0.0
   vqmver    : 2.1.5
   author    : ovife21

File Name    : catalog/view/theme/*/template/product/product.tpl(0)
VQModObject::applyMod - SEARCH NOT FOUND (ABORTING MOD): alt="<?php echo $heading_title; ?>"
MOD DETAILS:
   modFile   : /var/www/html/ornatenew/vqmod/xml/custom_imgtitles.xml
   id        : Custom Image Title Tags
   version   : 1.0.0
   vqmver    : 2.1.5
   author    : ovife21

File Name    : catalog/view/theme/*/template/product/product.tpl(0)
VQModObject::applyMod - SEARCH NOT FOUND (ABORTING MOD): title="<?php echo $heading_title; ?>"
----------------------------------------------------------------------


---------- Date: 2018-12-27 14:54:32 ~ IP : 8.37.71.12 ----------
REQUEST URI : /2-5-carat-oval-solitaire-multi-row-ring.html
MOD DETAILS:
   modFile   : /var/www/html/ornatenew/vqmod/xml/custom_alts.xml
   id        : Custom alts
   version   : 1.0.0
   vqmver    : 2.1.5
   author    : ovife21

File Name    : catalog/view/theme/*/template/product/product.tpl(0)
VQModObject::applyMod - SEARCH NOT FOUND (ABORTING MOD): alt="<?php echo $heading_title; ?>"
MOD DETAILS:
   modFile   : /var/www/html/ornatenew/vqmod/xml/custom_imgtitles.xml
   id        : Custom Image Title Tags
   version   : 1.0.0
   vqmver    : 2.1.5
   author    : ovife21

File Name    : catalog/view/theme/*/template/product/product.tpl(0)
VQModObject::applyMod - SEARCH NOT FOUND (ABORTING MOD): title="<?php echo $heading_title; ?>"
----------------------------------------------------------------------


---------- Date: 2018-12-27 15:01:46 ~ IP : 182.48.243.161 ----------
REQUEST URI : /five-stone-climber-earrings-in-925-silver.html
MOD DETAILS:
   modFile   : /var/www/html/ornatenew/vqmod/xml/custom_alts.xml
   id        : Custom alts
   version   : 1.0.0
   vqmver    : 2.1.5
   author    : ovife21

File Name    : catalog/view/theme/*/template/product/product.tpl(0)
VQModObject::applyMod - SEARCH NOT FOUND (ABORTING MOD): alt="<?php echo $heading_title; ?>"
MOD DETAILS:
   modFile   : /var/www/html/ornatenew/vqmod/xml/custom_imgtitles.xml
   id        : Custom Image Title Tags
   version   : 1.0.0
   vqmver    : 2.1.5
   author    : ovife21

File Name    : catalog/view/theme/*/template/product/product.tpl(0)
VQModObject::applyMod - SEARCH NOT FOUND (ABORTING MOD): title="<?php echo $heading_title; ?>"
----------------------------------------------------------------------


---------- Date: 2018-12-27 15:11:55 ~ IP : 8.37.71.39 ----------
REQUEST URI : /miffy-kids-bracelet.html
MOD DETAILS:
   modFile   : /var/www/html/ornatenew/vqmod/xml/custom_alts.xml
   id        : Custom alts
   version   : 1.0.0
   vqmver    : 2.1.5
   author    : ovife21

File Name    : catalog/view/theme/*/template/product/product.tpl(0)
VQModObject::applyMod - SEARCH NOT FOUND (ABORTING MOD): alt="<?php echo $heading_title; ?>"
MOD DETAILS:
   modFile   : /var/www/html/ornatenew/vqmod/xml/custom_imgtitles.xml
   id        : Custom Image Title Tags
   version   : 1.0.0
   vqmver    : 2.1.5
   author    : ovife21

File Name    : catalog/view/theme/*/template/product/product.tpl(0)
VQModObject::applyMod - SEARCH NOT FOUND (ABORTING MOD): title="<?php echo $heading_title; ?>"
----------------------------------------------------------------------


---------- Date: 2018-12-27 15:23:22 ~ IP : 182.48.243.161 ----------
REQUEST URI : /american-diamond-solitaire-studs-925-silver.html
MOD DETAILS:
   modFile   : /var/www/html/ornatenew/vqmod/xml/custom_alts.xml
   id        : Custom alts
   version   : 1.0.0
   vqmver    : 2.1.5
   author    : ovife21

File Name    : catalog/view/theme/*/template/product/product.tpl(0)
VQModObject::applyMod - SEARCH NOT FOUND (ABORTING MOD): alt="<?php echo $heading_title; ?>"
MOD DETAILS:
   modFile   : /var/www/html/ornatenew/vqmod/xml/custom_imgtitles.xml
   id        : Custom Image Title Tags
   version   : 1.0.0
   vqmver    : 2.1.5
   author    : ovife21

File Name    : catalog/view/theme/*/template/product/product.tpl(0)
VQModObject::applyMod - SEARCH NOT FOUND (ABORTING MOD): title="<?php echo $heading_title; ?>"
----------------------------------------------------------------------


---------- Date: 2018-12-27 15:25:02 ~ IP : 182.48.243.161 ----------
REQUEST URI : /five-stone-climber-earrings-in-925-silver.html
MOD DETAILS:
   modFile   : /var/www/html/ornatenew/vqmod/xml/custom_alts.xml
   id        : Custom alts
   version   : 1.0.0
   vqmver    : 2.1.5
   author    : ovife21

File Name    : catalog/view/theme/*/template/product/product.tpl(0)
VQModObject::applyMod - SEARCH NOT FOUND (ABORTING MOD): alt="<?php echo $heading_title; ?>"
MOD DETAILS:
   modFile   : /var/www/html/ornatenew/vqmod/xml/custom_imgtitles.xml
   id        : Custom Image Title Tags
   version   : 1.0.0
   vqmver    : 2.1.5
   author    : ovife21

File Name    : catalog/view/theme/*/template/product/product.tpl(0)
VQModObject::applyMod - SEARCH NOT FOUND (ABORTING MOD): title="<?php echo $heading_title; ?>"
----------------------------------------------------------------------


---------- Date: 2018-12-27 15:25:19 ~ IP : 182.48.243.161 ----------
REQUEST URI : /american-diamond-solitaire-studs-925-silver.html
MOD DETAILS:
   modFile   : /var/www/html/ornatenew/vqmod/xml/custom_alts.xml
   id        : Custom alts
   version   : 1.0.0
   vqmver    : 2.1.5
   author    : ovife21

File Name    : catalog/view/theme/*/template/product/product.tpl(0)
VQModObject::applyMod - SEARCH NOT FOUND (ABORTING MOD): alt="<?php echo $heading_title; ?>"
MOD DETAILS:
   modFile   : /var/www/html/ornatenew/vqmod/xml/custom_imgtitles.xml
   id        : Custom Image Title Tags
   version   : 1.0.0
   vqmver    : 2.1.5
   author    : ovife21

File Name    : catalog/view/theme/*/template/product/product.tpl(0)
VQModObject::applyMod - SEARCH NOT FOUND (ABORTING MOD): title="<?php echo $heading_title; ?>"
----------------------------------------------------------------------


---------- Date: 2018-12-27 15:41:38 ~ IP : 182.48.243.161 ----------
REQUEST URI : /american-diamond-solitaire-studs-925-silver.html
MOD DETAILS:
   modFile   : /var/www/html/ornatenew/vqmod/xml/custom_alts.xml
   id        : Custom alts
   version   : 1.0.0
   vqmver    : 2.1.5
   author    : ovife21

File Name    : catalog/view/theme/*/template/product/product.tpl(0)
VQModObject::applyMod - SEARCH NOT FOUND (ABORTING MOD): alt="<?php echo $heading_title; ?>"
MOD DETAILS:
   modFile   : /var/www/html/ornatenew/vqmod/xml/custom_imgtitles.xml
   id        : Custom Image Title Tags
   version   : 1.0.0
   vqmver    : 2.1.5
   author    : ovife21

File Name    : catalog/view/theme/*/template/product/product.tpl(0)
VQModObject::applyMod - SEARCH NOT FOUND (ABORTING MOD): title="<?php echo $heading_title; ?>"
----------------------------------------------------------------------


---------- Date: 2018-12-27 15:48:28 ~ IP : 182.48.243.161 ----------
REQUEST URI : /american-diamond-solitaire-studs-925-silver.html
MOD DETAILS:
   modFile   : /var/www/html/ornatenew/vqmod/xml/custom_alts.xml
   id        : Custom alts
   version   : 1.0.0
   vqmver    : 2.1.5
   author    : ovife21

File Name    : catalog/view/theme/*/template/product/product.tpl(0)
VQModObject::applyMod - SEARCH NOT FOUND (ABORTING MOD): alt="<?php echo $heading_title; ?>"
MOD DETAILS:
   modFile   : /var/www/html/ornatenew/vqmod/xml/custom_imgtitles.xml
   id        : Custom Image Title Tags
   version   : 1.0.0
   vqmver    : 2.1.5
   author    : ovife21

File Name    : catalog/view/theme/*/template/product/product.tpl(0)
VQModObject::applyMod - SEARCH NOT FOUND (ABORTING MOD): title="<?php echo $heading_title; ?>"
----------------------------------------------------------------------


---------- Date: 2018-12-27 15:51:29 ~ IP : 182.48.243.161 ----------
REQUEST URI : /american-diamond-solitaire-studs-925-silver.html
MOD DETAILS:
   modFile   : /var/www/html/ornatenew/vqmod/xml/custom_alts.xml
   id        : Custom alts
   version   : 1.0.0
   vqmver    : 2.1.5
   author    : ovife21

File Name    : catalog/view/theme/*/template/product/product.tpl(0)
VQModObject::applyMod - SEARCH NOT FOUND (ABORTING MOD): alt="<?php echo $heading_title; ?>"
MOD DETAILS:
   modFile   : /var/www/html/ornatenew/vqmod/xml/custom_imgtitles.xml
   id        : Custom Image Title Tags
   version   : 1.0.0
   vqmver    : 2.1.5
   author    : ovife21

File Name    : catalog/view/theme/*/template/product/product.tpl(0)
VQModObject::applyMod - SEARCH NOT FOUND (ABORTING MOD): title="<?php echo $heading_title; ?>"
----------------------------------------------------------------------


---------- Date: 2018-12-27 15:51:45 ~ IP : 182.48.243.161 ----------
REQUEST URI : /american-diamond-solitaire-studs-925-silver.html
MOD DETAILS:
   modFile   : /var/www/html/ornatenew/vqmod/xml/custom_alts.xml
   id        : Custom alts
   version   : 1.0.0
   vqmver    : 2.1.5
   author    : ovife21

File Name    : catalog/view/theme/*/template/product/product.tpl(0)
VQModObject::applyMod - SEARCH NOT FOUND (ABORTING MOD): alt="<?php echo $heading_title; ?>"
MOD DETAILS:
   modFile   : /var/www/html/ornatenew/vqmod/xml/custom_imgtitles.xml
   id        : Custom Image Title Tags
   version   : 1.0.0
   vqmver    : 2.1.5
   author    : ovife21

File Name    : catalog/view/theme/*/template/product/product.tpl(0)
VQModObject::applyMod - SEARCH NOT FOUND (ABORTING MOD): title="<?php echo $heading_title; ?>"
----------------------------------------------------------------------


---------- Date: 2018-12-27 16:07:41 ~ IP : 144.2.2.50 ----------
REQUEST URI : /925-silver-and-cubic-zirconia-5-stone-anniversary-ring-in-925-silver.html?search=SR03512
MOD DETAILS:
   modFile   : /var/www/html/ornatenew/vqmod/xml/custom_alts.xml
   id        : Custom alts
   version   : 1.0.0
   vqmver    : 2.1.5
   author    : ovife21

File Name    : catalog/view/theme/*/template/product/product.tpl(0)
VQModObject::applyMod - SEARCH NOT FOUND (ABORTING MOD): alt="<?php echo $heading_title; ?>"
MOD DETAILS:
   modFile   : /var/www/html/ornatenew/vqmod/xml/custom_imgtitles.xml
   id        : Custom Image Title Tags
   version   : 1.0.0
   vqmver    : 2.1.5
   author    : ovife21

File Name    : catalog/view/theme/*/template/product/product.tpl(0)
VQModObject::applyMod - SEARCH NOT FOUND (ABORTING MOD): title="<?php echo $heading_title; ?>"
----------------------------------------------------------------------


