---------- Date: 2019-01-04 17:38:56 ~ IP : ::1 ----------
REQUEST URI : /dec/
MOD DETAILS:
   modFile   : C:\xampp\htdocs\dec\vqmod/xml/a_vqmod_d_social_login.xml
   id        : d_social_login
   version   : 2.x
   vqmver    : 2.4.1
   author    : dreamvention.com
VQModObject::parseMods - Could not resolve path for [admin/model/sale/customer.php] (SKIPPED)

MOD DETAILS:
   modFile   : C:\xampp\htdocs\dec\vqmod/xml/newslettersubscription.xml
   id        : Indian Rupee Symbol
   version   : 2.0
   vqmver    : 2.4.1
   author    : IRSSOFT
VQModObject::parseMods - Could not resolve path for [admin/controller/common/menu.php] (SKIPPED)
VQModObject::parseMods - Could not resolve path for [admin/view/template/common/menu.tpl] (SKIPPED)

----------------------------------------------------------------------


---------- Date: 2019-01-04 17:39:17 ~ IP : ::1 ----------
REQUEST URI : /dec/heart-american-diamond-studs-in-925-silver.html
MOD DETAILS:
   modFile   : C:\xampp\htdocs\dec\vqmod/xml/custom_alts.xml
   id        : Custom alts
   version   : 1.0.0
   vqmver    : 2.1.5
   author    : ovife21

File Name    : catalog/view/theme/*/template/product/product.tpl(0)
VQModObject::applyMod - SEARCH NOT FOUND (ABORTING MOD): alt="<?php echo $heading_title; ?>"
MOD DETAILS:
   modFile   : C:\xampp\htdocs\dec\vqmod/xml/custom_imgtitles.xml
   id        : Custom Image Title Tags
   version   : 1.0.0
   vqmver    : 2.1.5
   author    : ovife21

File Name    : catalog/view/theme/*/template/product/product.tpl(0)
VQModObject::applyMod - SEARCH NOT FOUND (ABORTING MOD): title="<?php echo $heading_title; ?>"
----------------------------------------------------------------------


---------- Date: 2019-01-04 17:40:30 ~ IP : ::1 ----------
REQUEST URI : /dec/admin/
MOD DETAILS:
   modFile   : C:\xampp\htdocs\dec\vqmod/xml/SEOEDITOR.xml
   id        : SEO Editor
   version   : 1.0.0
   vqmver    : 2.1.5
   author    : ovife21

File Name    : admin/view/template/common/header.tpl(1)
VQModObject::applyMod - SEARCH NOT FOUND (ABORTING MOD): href="view/stylesheet/stylesheet.css"
----------------------------------------------------------------------


---------- Date: 2019-01-04 17:40:30 ~ IP : ::1 ----------
REQUEST URI : /dec/admin/
MOD DETAILS:
   modFile   : C:\xampp\htdocs\dec\vqmod/xml/SEOEDITOR.xml
   id        : SEO Editor
   version   : 1.0.0
   vqmver    : 2.1.5
   author    : ovife21

File Name    : admin/view/template/common/header.tpl(1)
VQModObject::applyMod - SEARCH NOT FOUND (ABORTING MOD): href="view/stylesheet/stylesheet.css"
----------------------------------------------------------------------


---------- Date: 2019-01-04 17:42:14 ~ IP : ::1 ----------
REQUEST URI : /dec/admin/index.php?route=setting/setting&token=oh87k8nlMbVGkDy0YRzsFB9GbhEB0V0D
MOD DETAILS:
   modFile   : C:\xampp\htdocs\dec\vqmod/xml/simple_blog.ocmod.xml
   id        : 
   version   : 1.0
   vqmver    : 
   author    : Opcrat

File Name    : admin/controller/setting/setting.php(0)
VQModObject::applyMod - SEARCH NOT FOUND (ABORTING MOD): //   if (isset($this->request->post['config_logo'])) {
----------------------------------------------------------------------


---------- Date: 2019-01-04 17:51:11 ~ IP : ::1 ----------
REQUEST URI : /dec/heart-american-diamond-studs-in-925-silver.html
MOD DETAILS:
   modFile   : C:\xampp\htdocs\dec\vqmod/xml/custom_alts.xml
   id        : Custom alts
   version   : 1.0.0
   vqmver    : 2.1.5
   author    : ovife21

File Name    : catalog/view/theme/*/template/product/product.tpl(0)
VQModObject::applyMod - SEARCH NOT FOUND (ABORTING MOD): alt="<?php echo $heading_title; ?>"
MOD DETAILS:
   modFile   : C:\xampp\htdocs\dec\vqmod/xml/custom_imgtitles.xml
   id        : Custom Image Title Tags
   version   : 1.0.0
   vqmver    : 2.1.5
   author    : ovife21

File Name    : catalog/view/theme/*/template/product/product.tpl(0)
VQModObject::applyMod - SEARCH NOT FOUND (ABORTING MOD): title="<?php echo $heading_title; ?>"
----------------------------------------------------------------------


